[INFO] 2024-04-21T18:54:11.750Z: Loading environment variables from C:\Users\himan\Downloads\project-4\.env
[INFO] 2024-04-21T18:54:11.754Z: Environment variables loaded successfully
[INFO] 2024-04-21T18:54:11.786Z: Ecommerce Server running on port 9000
[INFO] 2024-04-21T18:54:12.290Z: MongoDB is connected
[INFO] 2024-04-21T18:56:13.542Z: Loading environment variables from C:\Users\himan\Downloads\project-4\.env
[INFO] 2024-04-21T18:56:13.546Z: Environment variables loaded successfully
[INFO] 2024-04-21T18:56:13.663Z: Ecommerce Server running on port 9000
[INFO] 2024-04-21T18:56:15.711Z: Loading environment variables from C:\Users\himan\Downloads\project-4\.env
[INFO] 2024-04-21T18:56:15.718Z: Environment variables loaded successfully
[INFO] 2024-04-21T18:56:15.778Z: Ecommerce Server running on port 9000
[INFO] 2024-04-21T18:56:16.286Z: MongoDB is connected
[INFO] 2024-04-21T18:57:12.296Z: Loading environment variables from C:\Users\himan\Downloads\project-4\.env
[INFO] 2024-04-21T18:57:12.300Z: Environment variables loaded successfully
[INFO] 2024-04-21T18:57:12.352Z: Ecommerce Server running on port 9000
[INFO] 2024-04-21T18:57:12.834Z: MongoDB is connected
[INFO] 2024-04-21T19:00:45.482Z: Loading environment variables from C:\Users\himan\Downloads\project-4\.env
[INFO] 2024-04-21T19:00:45.486Z: Environment variables loaded successfully
[INFO] 2024-04-21T19:00:45.530Z: Ecommerce Server running on port 9000
[INFO] 2024-04-21T19:00:46.012Z: MongoDB is connected
[INFO] 2024-04-21T19:06:34.313Z: Loading environment variables from C:\Users\himan\Downloads\project-4\.env
[INFO] 2024-04-21T19:06:34.316Z: Environment variables loaded successfully
[INFO] 2024-04-21T19:06:34.361Z: Ecommerce Server running on port 9000
[INFO] 2024-04-21T19:06:34.824Z: MongoDB is connected
[INFO] 2024-04-21T19:18:30.655Z: Loading environment variables from C:\Users\himan\Downloads\project-4\.env
[INFO] 2024-04-21T19:18:30.661Z: Environment variables loaded successfully
[INFO] 2024-04-21T19:18:30.731Z: Ecommerce Server running on port 9000
[INFO] 2024-04-21T19:18:31.241Z: MongoDB is connected
[INFO] 2024-04-23T06:03:51.227Z: Loading environment variables from C:\Users\himan\Downloads\project-4\.env
[INFO] 2024-04-23T06:03:51.232Z: Environment variables loaded successfully
[INFO] 2024-04-23T06:03:51.337Z: Ecommerce Server running on port 9000
[INFO] 2024-04-23T06:03:51.945Z: MongoDB is connected
[INFO] 2024-04-23T09:00:22.774Z: Loading environment variables from C:\Users\himan\Downloads\project-4\.env
[INFO] 2024-04-23T09:00:22.782Z: Environment variables loaded successfully
[INFO] 2024-04-23T09:00:22.909Z: Ecommerce Server running on port 9000
[INFO] 2024-04-23T09:00:24.725Z: MongoDB is connected
[INFO] 2024-04-23T09:10:08.089Z: Loading environment variables from C:\Users\himan\Downloads\project-4\.env
[INFO] 2024-04-23T09:10:08.093Z: Environment variables loaded successfully
[INFO] 2024-04-23T09:10:08.146Z: Ecommerce Server running on port 9000
[INFO] 2024-04-23T09:10:08.736Z: MongoDB is connected
[INFO] 2024-04-23T09:11:49.095Z: Loading environment variables from C:\Users\himan\Downloads\project-4\.env
[INFO] 2024-04-23T09:11:49.099Z: Environment variables loaded successfully
[INFO] 2024-04-23T09:11:49.169Z: Ecommerce Server running on port 9000
[INFO] 2024-04-23T09:11:49.688Z: MongoDB is connected
[INFO] 2024-04-23T09:12:35.208Z: Loading environment variables from C:\Users\himan\Downloads\project-4\.env
[INFO] 2024-04-23T09:12:35.211Z: Environment variables loaded successfully
[INFO] 2024-04-23T09:12:35.258Z: Ecommerce Server running on port 9000
[INFO] 2024-04-23T09:12:35.803Z: MongoDB is connected
[INFO] 2024-04-23T09:12:57.757Z: Loading environment variables from C:\Users\himan\Downloads\project-4\.env
[INFO] 2024-04-23T09:12:57.761Z: Environment variables loaded successfully
[INFO] 2024-04-23T09:12:57.821Z: Ecommerce Server running on port 9000
[INFO] 2024-04-23T09:12:58.393Z: MongoDB is connected
[INFO] 2024-04-23T09:14:56.815Z: Loading environment variables from C:\Users\himan\Downloads\project-4\.env
[INFO] 2024-04-23T09:14:56.820Z: Environment variables loaded successfully
[INFO] 2024-04-23T09:14:56.877Z: Ecommerce Server running on port 9000
[INFO] 2024-04-23T09:14:57.544Z: MongoDB is connected
[INFO] 2024-04-23T09:15:03.191Z: Loading environment variables from C:\Users\himan\Downloads\project-4\.env
[INFO] 2024-04-23T09:15:03.196Z: Environment variables loaded successfully
[INFO] 2024-04-23T09:15:03.315Z: Ecommerce Server running on port 9000
[INFO] 2024-04-23T09:15:05.564Z: Loading environment variables from C:\Users\himan\Downloads\project-4\.env
[INFO] 2024-04-23T09:15:05.571Z: Environment variables loaded successfully
[INFO] 2024-04-23T09:15:05.704Z: Ecommerce Server running on port 9000
[INFO] 2024-04-23T09:15:06.595Z: MongoDB is connected
[INFO] 2024-04-23T09:15:25.163Z: Loading environment variables from C:\Users\himan\Downloads\project-4\.env
[INFO] 2024-04-23T09:15:25.169Z: Environment variables loaded successfully
[INFO] 2024-04-23T09:15:25.215Z: Ecommerce Server running on port 9000
[INFO] 2024-04-23T09:15:35.187Z: Loading environment variables from C:\Users\himan\Downloads\project-4\.env
[INFO] 2024-04-23T09:15:35.194Z: Environment variables loaded successfully
[INFO] 2024-04-23T09:15:35.268Z: Ecommerce Server running on port 9000
[INFO] 2024-04-23T09:15:35.930Z: MongoDB is connected
[INFO] 2024-04-23T09:15:52.918Z: Loading environment variables from C:\Users\himan\Downloads\project-4\.env
[INFO] 2024-04-23T09:15:52.926Z: Environment variables loaded successfully
[INFO] 2024-04-23T09:15:53.029Z: Ecommerce Server running on port 9000
[INFO] 2024-04-23T09:15:53.612Z: MongoDB is connected
[INFO] 2024-04-23T09:15:56.504Z: Loading environment variables from C:\Users\himan\Downloads\project-4\.env
[INFO] 2024-04-23T09:15:56.509Z: Environment variables loaded successfully
[INFO] 2024-04-23T09:15:56.599Z: Ecommerce Server running on port 9000
[INFO] 2024-04-23T09:15:57.175Z: MongoDB is connected
[INFO] 2024-04-23T09:16:00.830Z: Loading environment variables from C:\Users\himan\Downloads\project-4\.env
[INFO] 2024-04-23T09:16:00.836Z: Environment variables loaded successfully
[INFO] 2024-04-23T09:16:00.897Z: Ecommerce Server running on port 9000
[INFO] 2024-04-23T09:16:01.463Z: MongoDB is connected
[INFO] 2024-04-23T09:16:09.208Z: Loading environment variables from C:\Users\himan\Downloads\project-4\.env
[INFO] 2024-04-23T09:16:09.213Z: Environment variables loaded successfully
[INFO] 2024-04-23T09:16:09.286Z: Ecommerce Server running on port 9000
[INFO] 2024-04-23T09:16:09.886Z: MongoDB is connected
[INFO] 2024-04-23T09:16:16.742Z: Loading environment variables from C:\Users\himan\Downloads\project-4\.env
[INFO] 2024-04-23T09:16:16.747Z: Environment variables loaded successfully
[INFO] 2024-04-23T09:16:16.834Z: Ecommerce Server running on port 9000
[INFO] 2024-04-23T09:16:17.457Z: MongoDB is connected
[INFO] 2024-04-23T09:16:21.064Z: Loading environment variables from C:\Users\himan\Downloads\project-4\.env
[INFO] 2024-04-23T09:16:21.071Z: Environment variables loaded successfully
[INFO] 2024-04-23T09:16:21.141Z: Ecommerce Server running on port 9000
[INFO] 2024-04-23T09:16:21.787Z: MongoDB is connected
[INFO] 2024-04-23T09:19:21.804Z: Loading environment variables from C:\Users\himan\Downloads\project-4\.env
[INFO] 2024-04-23T09:19:21.810Z: Environment variables loaded successfully
[INFO] 2024-04-23T09:19:21.867Z: Ecommerce Server running on port 9000
[INFO] 2024-04-23T09:19:22.674Z: MongoDB is connected
[INFO] 2024-04-23T09:22:07.487Z: Loading environment variables from C:\Users\himan\Downloads\project-4\.env
[INFO] 2024-04-23T09:22:07.492Z: Environment variables loaded successfully
[INFO] 2024-04-23T09:22:07.560Z: Ecommerce Server running on port 9000
[INFO] 2024-04-23T09:22:08.114Z: MongoDB is connected
[INFO] 2024-04-23T09:23:23.206Z: Loading environment variables from C:\Users\himan\Downloads\project-4\.env
[INFO] 2024-04-23T09:23:23.222Z: Environment variables loaded successfully
[INFO] 2024-04-23T09:23:23.434Z: Ecommerce Server running on port 9000
[INFO] 2024-04-23T09:23:24.179Z: MongoDB is connected
[INFO] 2024-04-23T09:23:48.669Z: Loading environment variables from C:\Users\himan\Downloads\project-4\.env
[INFO] 2024-04-23T09:23:48.679Z: Environment variables loaded successfully
[INFO] 2024-04-23T09:23:48.795Z: Ecommerce Server running on port 9000
[INFO] 2024-04-23T09:23:52.596Z: Loading environment variables from C:\Users\himan\Downloads\project-4\.env
[INFO] 2024-04-23T09:23:52.606Z: Environment variables loaded successfully
[INFO] 2024-04-23T09:23:52.737Z: Ecommerce Server running on port 9000
[INFO] 2024-04-23T09:23:53.456Z: MongoDB is connected
[INFO] 2024-04-23T09:27:46.493Z: Loading environment variables from C:\Users\himan\Downloads\project-4\.env
[INFO] 2024-04-23T09:27:46.501Z: Environment variables loaded successfully
[INFO] 2024-04-23T09:27:46.630Z: Ecommerce Server running on port 9000
[INFO] 2024-04-23T09:27:47.309Z: MongoDB is connected
[INFO] 2024-04-23T09:28:37.212Z: Loading environment variables from C:\Users\himan\Downloads\project-4\.env
[INFO] 2024-04-23T09:28:37.228Z: Environment variables loaded successfully
[INFO] 2024-04-23T09:28:37.417Z: Ecommerce Server running on port 9000
[INFO] 2024-04-23T09:28:38.264Z: MongoDB is connected
[INFO] 2024-04-23T09:28:57.966Z: Loading environment variables from C:\Users\himan\Downloads\project-4\.env
[INFO] 2024-04-23T09:28:57.975Z: Environment variables loaded successfully
[INFO] 2024-04-23T09:28:58.099Z: Ecommerce Server running on port 9000
[INFO] 2024-04-23T09:28:59.007Z: MongoDB is connected
[INFO] 2024-04-23T09:29:20.486Z: Loading environment variables from C:\Users\himan\Downloads\project-4\.env
[INFO] 2024-04-23T09:29:20.494Z: Environment variables loaded successfully
[INFO] 2024-04-23T09:29:20.609Z: Ecommerce Server running on port 9000
[INFO] 2024-04-23T09:29:21.308Z: MongoDB is connected
[INFO] 2024-04-23T09:29:55.043Z: Loading environment variables from C:\Users\himan\Downloads\project-4\.env
[INFO] 2024-04-23T09:29:55.053Z: Environment variables loaded successfully
[INFO] 2024-04-23T09:29:56.607Z: Ecommerce Server running on port 9000
[INFO] 2024-04-23T09:29:57.235Z: MongoDB is connected
[INFO] 2024-04-23T09:30:10.408Z: Loading environment variables from C:\Users\himan\Downloads\project-4\.env
[INFO] 2024-04-23T09:30:10.421Z: Environment variables loaded successfully
[INFO] 2024-04-23T09:30:12.234Z: Ecommerce Server running on port 9000
[INFO] 2024-04-23T09:30:13.070Z: MongoDB is connected
[INFO] 2024-04-23T09:30:25.601Z: Loading environment variables from C:\Users\himan\Downloads\project-4\.env
[INFO] 2024-04-23T09:30:25.609Z: Environment variables loaded successfully
[INFO] 2024-04-23T09:30:27.584Z: Ecommerce Server running on port 9000
[INFO] 2024-04-23T09:30:28.378Z: MongoDB is connected
[INFO] 2024-04-23T09:32:12.374Z: Loading environment variables from C:\Users\himan\Downloads\project-4\.env
[INFO] 2024-04-23T09:32:12.383Z: Environment variables loaded successfully
[INFO] 2024-04-23T09:32:13.625Z: Ecommerce Server running on port 9000
[INFO] 2024-04-23T09:32:14.355Z: MongoDB is connected
[INFO] 2024-04-23T09:35:56.999Z: Loading environment variables from C:\Users\himan\Downloads\project-4\.env
[INFO] 2024-04-23T09:35:57.008Z: Environment variables loaded successfully
[INFO] 2024-04-23T09:35:58.782Z: Ecommerce Server running on port 9000
[INFO] 2024-04-23T09:35:59.624Z: MongoDB is connected
[INFO] 2024-04-23T09:37:21.578Z: Loading environment variables from C:\Users\himan\Downloads\project-4\.env
[INFO] 2024-04-23T09:37:21.585Z: Environment variables loaded successfully
[INFO] 2024-04-23T09:37:23.227Z: Ecommerce Server running on port 9000
[INFO] 2024-04-23T09:37:23.952Z: MongoDB is connected
[INFO] 2024-04-23T09:37:47.450Z: Loading environment variables from C:\Users\himan\Downloads\project-4\.env
[INFO] 2024-04-23T09:37:47.461Z: Environment variables loaded successfully
[INFO] 2024-04-23T09:37:48.770Z: Ecommerce Server running on port 9000
[INFO] 2024-04-23T09:37:49.412Z: MongoDB is connected
[INFO] 2024-04-23T09:37:57.588Z: Loading environment variables from C:\Users\himan\Downloads\project-4\.env
[INFO] 2024-04-23T09:37:57.602Z: Environment variables loaded successfully
[INFO] 2024-04-23T09:37:58.939Z: Ecommerce Server running on port 9000
[INFO] 2024-04-23T09:37:59.655Z: MongoDB is connected
[INFO] 2024-04-23T09:38:54.038Z: Loading environment variables from C:\Users\himan\Downloads\project-4\.env
[INFO] 2024-04-23T09:38:54.046Z: Environment variables loaded successfully
[INFO] 2024-04-23T09:38:55.363Z: Ecommerce Server running on port 9000
[INFO] 2024-04-23T09:38:55.989Z: MongoDB is connected
[INFO] 2024-04-23T09:40:10.748Z: Loading environment variables from C:\Users\himan\Downloads\project-4\.env
[INFO] 2024-04-23T09:40:10.757Z: Environment variables loaded successfully
[INFO] 2024-04-23T09:40:12.099Z: Ecommerce Server running on port 9000
[INFO] 2024-04-23T09:40:12.873Z: MongoDB is connected
[INFO] 2024-04-23T09:43:25.657Z: Loading environment variables from C:\Users\himan\Downloads\project-4\.env
[INFO] 2024-04-23T09:43:25.664Z: Environment variables loaded successfully
[INFO] 2024-04-23T09:43:27.208Z: Ecommerce Server running on port 9000
[INFO] 2024-04-23T09:43:27.872Z: MongoDB is connected
[INFO] 2024-04-23T09:43:51.661Z: Loading environment variables from C:\Users\himan\Downloads\project-4\.env
[INFO] 2024-04-23T09:43:51.668Z: Environment variables loaded successfully
[INFO] 2024-04-23T09:43:53.074Z: Ecommerce Server running on port 9000
[INFO] 2024-04-23T09:43:53.842Z: MongoDB is connected
[INFO] 2024-04-23T09:44:41.865Z: Loading environment variables from C:\Users\himan\Downloads\project-4\.env
[INFO] 2024-04-23T09:44:41.871Z: Environment variables loaded successfully
[INFO] 2024-04-23T09:44:43.260Z: Ecommerce Server running on port 9000
[INFO] 2024-04-23T09:44:44.111Z: MongoDB is connected
[INFO] 2024-04-23T09:45:14.613Z: Loading environment variables from C:\Users\himan\Downloads\project-4\.env
[INFO] 2024-04-23T09:45:14.623Z: Environment variables loaded successfully
[INFO] 2024-04-23T09:45:16.032Z: Ecommerce Server running on port 9000
[INFO] 2024-04-23T09:45:16.810Z: MongoDB is connected
[INFO] 2024-04-23T09:45:55.381Z: Loading environment variables from C:\Users\himan\Downloads\project-4\.env
[INFO] 2024-04-23T09:45:55.388Z: Environment variables loaded successfully
[INFO] 2024-04-23T09:45:56.819Z: Ecommerce Server running on port 9000
[INFO] 2024-04-23T09:45:57.454Z: MongoDB is connected
[INFO] 2024-04-23T09:46:23.057Z: Loading environment variables from C:\Users\himan\Downloads\project-4\.env
[INFO] 2024-04-23T09:46:23.063Z: Environment variables loaded successfully
[INFO] 2024-04-23T09:46:24.246Z: Ecommerce Server running on port 9000
[INFO] 2024-04-23T09:46:27.294Z: Loading environment variables from C:\Users\himan\Downloads\project-4\.env
[INFO] 2024-04-23T09:46:27.303Z: Environment variables loaded successfully
[INFO] 2024-04-23T09:46:28.916Z: Ecommerce Server running on port 9000
[INFO] 2024-04-23T09:46:29.544Z: MongoDB is connected
[INFO] 2024-04-23T09:46:34.269Z: Loading environment variables from C:\Users\himan\Downloads\project-4\.env
[INFO] 2024-04-23T09:46:34.277Z: Environment variables loaded successfully
[INFO] 2024-04-23T09:46:35.631Z: Ecommerce Server running on port 9000
[INFO] 2024-04-23T09:46:36.319Z: MongoDB is connected
[INFO] 2024-04-23T09:46:46.683Z: Loading environment variables from C:\Users\himan\Downloads\project-4\.env
[INFO] 2024-04-23T09:46:46.690Z: Environment variables loaded successfully
[INFO] 2024-04-23T09:46:48.161Z: Ecommerce Server running on port 9000
[INFO] 2024-04-23T09:46:48.794Z: MongoDB is connected
[INFO] 2024-04-23T09:47:02.150Z: Loading environment variables from C:\Users\himan\Downloads\project-4\.env
[INFO] 2024-04-23T09:47:02.157Z: Environment variables loaded successfully
[INFO] 2024-04-23T09:47:03.370Z: Ecommerce Server running on port 9000
[INFO] 2024-04-23T09:47:04.160Z: MongoDB is connected
[INFO] 2024-04-23T09:47:23.977Z: Loading environment variables from C:\Users\himan\Downloads\project-4\.env
[INFO] 2024-04-23T09:47:23.987Z: Environment variables loaded successfully
[INFO] 2024-04-23T09:47:25.627Z: Ecommerce Server running on port 9000
[INFO] 2024-04-23T09:47:28.134Z: Loading environment variables from C:\Users\himan\Downloads\project-4\.env
[INFO] 2024-04-23T09:47:28.142Z: Environment variables loaded successfully
[INFO] 2024-04-23T09:47:29.533Z: Ecommerce Server running on port 9000
[INFO] 2024-04-23T09:47:30.214Z: MongoDB is connected
[INFO] 2024-04-23T09:49:23.751Z: Loading environment variables from C:\Users\himan\Downloads\project-4\.env
[INFO] 2024-04-23T09:49:23.759Z: Environment variables loaded successfully
[INFO] 2024-04-23T09:49:25.084Z: Ecommerce Server running on port 9000
[INFO] 2024-04-23T09:49:25.836Z: MongoDB is connected
[INFO] 2024-04-23T09:52:04.400Z: Loading environment variables from C:\Users\himan\Downloads\project-4\.env
[INFO] 2024-04-23T09:52:04.419Z: Environment variables loaded successfully
[INFO] 2024-04-23T09:52:05.947Z: Ecommerce Server running on port 9000
[INFO] 2024-04-23T09:52:06.545Z: MongoDB is connected
[INFO] 2024-05-04T19:15:28.673Z: Loading environment variables from C:\Users\himan\Downloads\project-4\.env
[INFO] 2024-05-04T19:15:28.675Z: Environment variables loaded successfully
[INFO] 2024-05-04T19:15:29.127Z: Ecommerce Server running on port 9000
[ERROR] 2024-05-04T19:15:29.128Z: MongoDB connection error: MongooseError: The `uri` parameter to `openUri()` must be a string, got "undefined". Make sure the first parameter to `mongoose.connect()` or `mongoose.createConnection()` is a string.
[INFO] 2024-05-04T19:17:36.275Z: Loading environment variables from C:\Users\himan\Downloads\project-4\.env
[INFO] 2024-05-04T19:17:36.278Z: Environment variables loaded successfully
[INFO] 2024-05-04T19:17:36.821Z: Ecommerce Server running on port 9000
[ERROR] 2024-05-04T19:17:36.822Z: MongoDB connection error: MongooseError: The `uri` parameter to `openUri()` must be a string, got "undefined". Make sure the first parameter to `mongoose.connect()` or `mongoose.createConnection()` is a string.
[INFO] 2024-05-04T19:18:01.809Z: Loading environment variables from C:\Users\himan\Downloads\project-4\.env
[INFO] 2024-05-04T19:18:01.811Z: Environment variables loaded successfully
[INFO] 2024-05-04T19:18:02.259Z: Ecommerce Server running on port 9000
[ERROR] 2024-05-04T19:18:02.260Z: MongoDB connection error: MongooseError: The `uri` parameter to `openUri()` must be a string, got "undefined". Make sure the first parameter to `mongoose.connect()` or `mongoose.createConnection()` is a string.
[INFO] 2024-05-04T19:18:18.257Z: Loading environment variables from C:\Users\himan\Downloads\project-4\.env
[INFO] 2024-05-04T19:18:18.260Z: Environment variables loaded successfully
[INFO] 2024-05-04T19:18:18.990Z: Ecommerce Server running on port 9000
[ERROR] 2024-05-04T19:18:18.991Z: MongoDB connection error: MongooseError: The `uri` parameter to `openUri()` must be a string, got "undefined". Make sure the first parameter to `mongoose.connect()` or `mongoose.createConnection()` is a string.
[INFO] 2024-05-04T19:36:39.142Z: Loading environment variables from C:\Users\himan\Downloads\project-4\.env
[INFO] 2024-05-04T19:36:39.145Z: Environment variables loaded successfully
[INFO] 2024-05-04T19:36:40.204Z: Ecommerce Server running on port 9000
[INFO] 2024-05-04T19:36:41.116Z: MongoDB is connected
[INFO] 2024-05-04T19:36:51.226Z: Loading environment variables from C:\Users\himan\Downloads\project-4\.env
[INFO] 2024-05-04T19:36:51.230Z: Environment variables loaded successfully
[INFO] 2024-05-04T19:36:51.688Z: Ecommerce Server running on port 9000
[INFO] 2024-05-04T19:36:52.173Z: MongoDB is connected
[INFO] 2024-05-04T19:36:55.554Z: Loading environment variables from C:\Users\himan\Downloads\project-4\.env
[INFO] 2024-05-04T19:36:55.558Z: Environment variables loaded successfully
[INFO] 2024-05-04T19:36:55.921Z: Ecommerce Server running on port 9000
[INFO] 2024-05-04T19:36:56.691Z: MongoDB is connected
[INFO] 2024-05-04T19:39:36.683Z: Loading environment variables from C:\Users\himan\Downloads\project-4\.env
[INFO] 2024-05-04T19:39:36.688Z: Environment variables loaded successfully
[INFO] 2024-05-04T19:39:37.267Z: Ecommerce Server running on port 9000
[INFO] 2024-05-04T19:39:37.749Z: MongoDB is connected
[INFO] 2024-05-04T19:39:51.511Z: Loading environment variables from C:\Users\himan\Downloads\project-4\.env
[INFO] 2024-05-04T19:39:51.527Z: Environment variables loaded successfully
[INFO] 2024-05-04T19:39:51.906Z: Ecommerce Server running on port 9000
[INFO] 2024-05-04T19:39:52.372Z: MongoDB is connected
[INFO] 2024-05-04T19:39:59.804Z: Loading environment variables from C:\Users\himan\Downloads\project-4\.env
[INFO] 2024-05-04T19:39:59.809Z: Environment variables loaded successfully
[INFO] 2024-05-04T19:40:00.212Z: Ecommerce Server running on port 9000
[INFO] 2024-05-04T19:40:00.696Z: MongoDB is connected
[INFO] 2024-05-04T19:40:36.882Z: Loading environment variables from C:\Users\himan\Downloads\project-4\.env
[INFO] 2024-05-04T19:40:36.886Z: Environment variables loaded successfully
[INFO] 2024-05-04T19:40:37.257Z: Ecommerce Server running on port 9000
[INFO] 2024-05-04T19:40:37.855Z: MongoDB is connected
[INFO] 2024-05-04T19:40:39.411Z: Loading environment variables from C:\Users\himan\Downloads\project-4\.env
[INFO] 2024-05-04T19:40:39.414Z: Environment variables loaded successfully
[INFO] 2024-05-04T19:40:39.802Z: Ecommerce Server running on port 9000
[INFO] 2024-05-04T19:40:40.266Z: MongoDB is connected
[INFO] 2024-05-04T19:40:41.928Z: Loading environment variables from C:\Users\himan\Downloads\project-4\.env
[INFO] 2024-05-04T19:40:41.931Z: Environment variables loaded successfully
[INFO] 2024-05-04T19:40:42.296Z: Ecommerce Server running on port 9000
[INFO] 2024-05-04T19:40:43.294Z: Loading environment variables from C:\Users\himan\Downloads\project-4\.env
[INFO] 2024-05-04T19:40:43.299Z: Environment variables loaded successfully
[INFO] 2024-05-04T19:40:43.669Z: Ecommerce Server running on port 9000
[INFO] 2024-05-04T19:40:44.123Z: MongoDB is connected
[INFO] 2024-05-04T19:40:45.338Z: Loading environment variables from C:\Users\himan\Downloads\project-4\.env
[INFO] 2024-05-04T19:40:45.342Z: Environment variables loaded successfully
[INFO] 2024-05-04T19:40:45.722Z: Ecommerce Server running on port 9000
[INFO] 2024-05-04T19:40:46.271Z: MongoDB is connected
[INFO] 2024-05-04T19:40:47.676Z: Loading environment variables from C:\Users\himan\Downloads\project-4\.env
[INFO] 2024-05-04T19:40:47.680Z: Environment variables loaded successfully
[INFO] 2024-05-04T19:40:48.107Z: Ecommerce Server running on port 9000
[INFO] 2024-05-04T19:40:48.620Z: MongoDB is connected
[INFO] 2024-05-04T19:40:56.905Z: Loading environment variables from C:\Users\himan\Downloads\project-4\.env
[INFO] 2024-05-04T19:40:56.908Z: Environment variables loaded successfully
[INFO] 2024-05-04T19:40:57.277Z: Ecommerce Server running on port 9000
[INFO] 2024-05-04T19:40:57.838Z: MongoDB is connected
[INFO] 2024-05-04T19:41:48.837Z: Loading environment variables from C:\Users\himan\Downloads\project-4\.env
[INFO] 2024-05-04T19:41:48.841Z: Environment variables loaded successfully
[INFO] 2024-05-04T19:41:49.231Z: Ecommerce Server running on port 9000
[INFO] 2024-05-04T19:41:49.882Z: MongoDB is connected
[INFO] 2024-05-04T19:42:18.051Z: Loading environment variables from C:\Users\himan\Downloads\project-4\.env
[INFO] 2024-05-04T19:42:18.055Z: Environment variables loaded successfully
[INFO] 2024-05-04T19:42:18.491Z: Ecommerce Server running on port 9000
[INFO] 2024-05-04T19:42:19.653Z: MongoDB is connected
[INFO] 2024-05-04T19:42:28.721Z: Loading environment variables from C:\Users\himan\Downloads\project-4\.env
[INFO] 2024-05-04T19:42:28.724Z: Environment variables loaded successfully
[INFO] 2024-05-04T19:42:29.141Z: Ecommerce Server running on port 9000
[INFO] 2024-05-04T19:42:29.593Z: MongoDB is connected
[INFO] 2024-05-04T19:43:29.321Z: Loading environment variables from C:\Users\himan\Downloads\project-4\.env
[INFO] 2024-05-04T19:43:29.326Z: Environment variables loaded successfully
[INFO] 2024-05-04T19:43:30.208Z: Ecommerce Server running on port 9000
[INFO] 2024-05-04T19:43:30.909Z: MongoDB is connected
[INFO] 2024-05-04T19:44:20.685Z: Loading environment variables from C:\Users\himan\Downloads\project-4\.env
[INFO] 2024-05-04T19:44:20.689Z: Environment variables loaded successfully
[INFO] 2024-05-04T19:44:21.119Z: Ecommerce Server running on port 9000
[INFO] 2024-05-04T19:44:21.559Z: MongoDB is connected
[INFO] 2024-05-04T19:45:34.272Z: Loading environment variables from C:\Users\himan\Downloads\project-4\.env
[INFO] 2024-05-04T19:45:34.276Z: Environment variables loaded successfully
[INFO] 2024-05-04T19:45:34.658Z: Ecommerce Server running on port 9000
[INFO] 2024-05-04T19:45:35.111Z: MongoDB is connected
[INFO] 2024-05-04T19:46:11.717Z: Loading environment variables from C:\Users\himan\Downloads\project-4\.env
[INFO] 2024-05-04T19:46:11.721Z: Environment variables loaded successfully
[INFO] 2024-05-04T19:46:12.093Z: Ecommerce Server running on port 9000
[INFO] 2024-05-04T19:46:12.568Z: MongoDB is connected
[INFO] 2024-05-04T19:46:31.775Z: Loading environment variables from C:\Users\himan\Downloads\project-4\.env
[INFO] 2024-05-04T19:46:31.779Z: Environment variables loaded successfully
[INFO] 2024-05-04T19:46:32.182Z: Ecommerce Server running on port 9000
[INFO] 2024-05-04T19:46:32.651Z: MongoDB is connected
[INFO] 2024-05-04T19:47:32.611Z: Loading environment variables from C:\Users\himan\Downloads\project-4\.env
[INFO] 2024-05-04T19:47:32.614Z: Environment variables loaded successfully
[INFO] 2024-05-04T19:47:33.069Z: Ecommerce Server running on port 9000
[INFO] 2024-05-04T19:47:33.534Z: MongoDB is connected
[INFO] 2024-05-04T19:48:10.383Z: Loading environment variables from C:\Users\himan\Downloads\project-4\.env
[INFO] 2024-05-04T19:48:10.387Z: Environment variables loaded successfully
[INFO] 2024-05-04T19:48:10.771Z: Ecommerce Server running on port 9000
[INFO] 2024-05-04T19:48:11.232Z: MongoDB is connected
[INFO] 2024-05-04T19:48:14.765Z: Loading environment variables from C:\Users\himan\Downloads\project-4\.env
[INFO] 2024-05-04T19:48:14.769Z: Environment variables loaded successfully
[INFO] 2024-05-04T19:48:15.168Z: Ecommerce Server running on port 9000
[INFO] 2024-05-04T19:48:15.686Z: MongoDB is connected
[INFO] 2024-05-04T19:48:45.078Z: Loading environment variables from C:\Users\himan\Downloads\project-4\.env
[INFO] 2024-05-04T19:48:45.082Z: Environment variables loaded successfully
[INFO] 2024-05-04T19:48:45.465Z: Ecommerce Server running on port 9000
[INFO] 2024-05-04T19:48:45.953Z: MongoDB is connected
[INFO] 2024-05-04T19:49:48.785Z: Loading environment variables from C:\Users\himan\Downloads\project-4\.env
[INFO] 2024-05-04T19:49:48.789Z: Environment variables loaded successfully
[INFO] 2024-05-04T19:49:49.162Z: Ecommerce Server running on port 9000
[INFO] 2024-05-04T19:49:50.105Z: Loading environment variables from C:\Users\himan\Downloads\project-4\.env
[INFO] 2024-05-04T19:49:50.109Z: Environment variables loaded successfully
[INFO] 2024-05-04T19:49:50.512Z: Ecommerce Server running on port 9000
[INFO] 2024-05-04T19:49:50.979Z: MongoDB is connected
[INFO] 2024-05-04T19:49:59.012Z: Loading environment variables from C:\Users\himan\Downloads\project-4\.env
[INFO] 2024-05-04T19:49:59.016Z: Environment variables loaded successfully
[INFO] 2024-05-04T19:49:59.393Z: Ecommerce Server running on port 9000
[INFO] 2024-05-04T19:49:59.846Z: MongoDB is connected
[INFO] 2024-05-04T19:52:15.079Z: Loading environment variables from C:\Users\himan\Downloads\project-4\.env
[INFO] 2024-05-04T19:52:15.083Z: Environment variables loaded successfully
[INFO] 2024-05-04T19:52:15.995Z: Ecommerce Server running on port 9000
[INFO] 2024-05-04T19:52:16.487Z: MongoDB is connected
[INFO] 2024-05-04T19:52:48.207Z: Loading environment variables from C:\Users\himan\Downloads\project-4\.env
[INFO] 2024-05-04T19:52:48.210Z: Environment variables loaded successfully
[INFO] 2024-05-04T19:52:48.584Z: Ecommerce Server running on port 9000
[INFO] 2024-05-04T19:52:49.078Z: MongoDB is connected
[INFO] 2024-05-04T19:53:03.969Z: Loading environment variables from C:\Users\himan\Downloads\project-4\.env
[INFO] 2024-05-04T19:53:03.973Z: Environment variables loaded successfully
[INFO] 2024-05-04T19:53:04.364Z: Ecommerce Server running on port 9000
[INFO] 2024-05-04T19:53:04.813Z: MongoDB is connected
[INFO] 2024-12-05T17:45:40.949Z: Loading environment variables from C:\Users\himan\Downloads\project-4\.env
[INFO] 2024-12-05T17:45:40.958Z: Environment variables loaded successfully
[INFO] 2024-12-05T17:45:42.794Z: Ecommerce Server running on port 9000
[INFO] 2024-12-05T17:45:44.068Z: MongoDB is connected
[INFO] 2024-12-05T17:46:04.602Z: Loading environment variables from C:\Users\himan\Downloads\project-4\.env
[INFO] 2024-12-05T17:46:04.609Z: Environment variables loaded successfully
[INFO] 2024-12-05T17:46:05.710Z: Ecommerce Server running on port 9000
[INFO] 2024-12-05T17:46:06.659Z: MongoDB is connected
[INFO] 2024-12-05T17:49:52.846Z: Loading environment variables from C:\Users\himan\Downloads\project-4\.env
[INFO] 2024-12-05T17:49:52.852Z: Environment variables loaded successfully
[INFO] 2024-12-05T17:49:54.030Z: Ecommerce Server running on port 9000
[INFO] 2024-12-05T17:49:54.920Z: MongoDB is connected
[INFO] 2024-12-05T17:50:00.536Z: Loading environment variables from C:\Users\himan\Downloads\project-4\.env
[INFO] 2024-12-05T17:50:00.542Z: Environment variables loaded successfully
[INFO] 2024-12-05T17:50:01.752Z: Ecommerce Server running on port 9000
[INFO] 2024-12-05T17:50:02.331Z: MongoDB is connected
[INFO] 2024-12-05T17:50:03.864Z: Loading environment variables from C:\Users\himan\Downloads\project-4\.env
[INFO] 2024-12-05T17:50:03.870Z: Environment variables loaded successfully
[INFO] 2024-12-05T17:50:04.976Z: Ecommerce Server running on port 9000
[INFO] 2024-12-05T17:50:05.537Z: MongoDB is connected
[INFO] 2024-12-05T17:50:11.476Z: Loading environment variables from C:\Users\himan\Downloads\project-4\.env
[INFO] 2024-12-05T17:50:11.485Z: Environment variables loaded successfully
[INFO] 2024-12-05T17:50:12.580Z: Ecommerce Server running on port 9000
[INFO] 2024-12-05T17:50:13.755Z: MongoDB is connected
[INFO] 2024-12-05T17:50:27.393Z: Loading environment variables from C:\Users\himan\Downloads\project-4\.env
[INFO] 2024-12-05T17:50:27.400Z: Environment variables loaded successfully
[INFO] 2024-12-05T17:50:28.491Z: Ecommerce Server running on port 9000
[INFO] 2024-12-05T17:50:29.019Z: MongoDB is connected
[INFO] 2024-12-05T17:51:08.883Z: Loading environment variables from C:\Users\himan\Downloads\project-4\.env
[INFO] 2024-12-05T17:51:08.891Z: Environment variables loaded successfully
[INFO] 2024-12-05T17:51:09.932Z: Ecommerce Server running on port 9000
[INFO] 2024-12-05T17:51:10.821Z: MongoDB is connected
[INFO] 2024-12-05T17:51:14.156Z: Loading environment variables from C:\Users\himan\Downloads\project-4\.env
[INFO] 2024-12-05T17:51:14.163Z: Environment variables loaded successfully
[INFO] 2024-12-05T17:51:15.298Z: Ecommerce Server running on port 9000
[INFO] 2024-12-05T17:51:15.839Z: MongoDB is connected
[INFO] 2024-12-05T17:51:59.259Z: Loading environment variables from C:\Users\himan\Downloads\project-4\.env
[INFO] 2024-12-05T17:51:59.265Z: Environment variables loaded successfully
[INFO] 2024-12-05T17:52:00.341Z: Ecommerce Server running on port 9000
[INFO] 2024-12-05T17:52:01.374Z: MongoDB is connected
[INFO] 2024-12-05T17:52:25.347Z: Loading environment variables from C:\Users\himan\Downloads\project-4\.env
[INFO] 2024-12-05T17:52:25.357Z: Environment variables loaded successfully
[INFO] 2024-12-05T17:52:26.595Z: Ecommerce Server running on port 9000
[INFO] 2024-12-05T17:52:27.540Z: MongoDB is connected
[INFO] 2024-12-05T17:52:40.229Z: Loading environment variables from C:\Users\himan\Downloads\project-4\.env
[INFO] 2024-12-05T17:52:40.237Z: Environment variables loaded successfully
[INFO] 2024-12-05T17:52:41.479Z: Ecommerce Server running on port 9000
[INFO] 2024-12-05T17:52:42.042Z: MongoDB is connected
[INFO] 2024-12-05T18:05:08.069Z: Loading environment variables from C:\Users\himan\Downloads\project-4\.env
[INFO] 2024-12-05T18:05:08.078Z: Environment variables loaded successfully
[INFO] 2024-12-05T18:05:09.173Z: Ecommerce Server running on port 9000
[INFO] 2024-12-05T18:05:09.905Z: MongoDB is connected
[INFO] 2024-12-05T18:05:33.601Z: Loading environment variables from C:\Users\himan\Downloads\project-4\.env
[INFO] 2024-12-05T18:05:33.608Z: Environment variables loaded successfully
[INFO] 2024-12-05T18:05:34.763Z: Ecommerce Server running on port 9000
[INFO] 2024-12-05T18:05:35.322Z: MongoDB is connected
[INFO] 2024-12-05T18:07:31.354Z: Loading environment variables from C:\Users\himan\Downloads\project-4\.env
[INFO] 2024-12-05T18:07:31.361Z: Environment variables loaded successfully
[INFO] 2024-12-05T18:07:32.619Z: Ecommerce Server running on port 9000
[INFO] 2024-12-05T18:07:33.576Z: MongoDB is connected
[INFO] 2024-12-05T18:21:19.233Z: Loading environment variables from C:\Users\himan\Downloads\project-4\.env
[INFO] 2024-12-05T18:21:19.240Z: Environment variables loaded successfully
[INFO] 2024-12-05T18:21:20.784Z: Ecommerce Server running on port 9000
[INFO] 2024-12-05T18:21:21.541Z: MongoDB is connected
[INFO] 2024-12-17T18:57:05.505Z: Loading environment variables from C:\Users\himan\Downloads\project-4\.env
[INFO] 2024-12-17T18:57:05.512Z: Environment variables loaded successfully
[INFO] 2024-12-17T18:57:07.571Z: Ecommerce Server running on port 9000
[INFO] 2024-12-17T18:57:08.204Z: MongoDB is connected
